src/app/[locale]/login/LoginContent.test.tsx(2,23): error TS2307: Cannot find module '@testing-library/user-event' or its corresponding type declarations.
src/app/[locale]/login/LoginContent.test.tsx(5,26): error TS2307: Cannot find module '../LoginContent' or its corresponding type declarations.
src/app/[locale]/register/RegisterContent.test.tsx(2,23): error TS2307: Cannot find module '@testing-library/user-event' or its corresponding type declarations.
src/app/[locale]/register/RegisterContent.test.tsx(4,29): error TS2307: Cannot find module '../RegisterContent' or its corresponding type declarations.
